<?xml version="1.0" encoding="UTF-8"?>
<!-- Generated by org.testng.reporters.JUnitXMLReporter -->
<testsuite hostname="slt01-PC" ignored="0" name="测试1" tests="4" failures="0" timestamp="23 四月 2019 07:34:14 GMT" time="0.069" errors="0">
  <testcase name="testCase1" time="0.0" classname="com.hsl.cn.cn.TestLogin"/>
  <testcase name="testCase2" time="0.0" classname="com.hsl.cn.cn.TestLogin"/>
  <testcase name="testCase1" time="0.001" classname="com.hsl.cn.cn.TestGoodCar"/>
  <testcase name="testCase2" time="0.001" classname="com.hsl.cn.cn.TestGoodCar"/>
</testsuite> <!-- 测试1 -->
