<?xml version="1.0" encoding="UTF-8"?>
<!-- Generated by org.testng.reporters.JUnitXMLReporter -->
<testsuite hostname="slt01-PC" ignored="2" name="InterfaceAutoTest" tests="1" failures="0" timestamp="23 四月 2019 13:04:03 GMT" time="0.046" errors="0">
  <testcase name="test3" time="0.011" classname="com.hsl.cn.cn.asserts.Verify"/>
  <testcase name="test1" time="0.0" classname="com.hsl.cn.cn.asserts.Verify">
    <ignored/>
  </testcase> <!-- test1 -->
  <testcase name="test2" time="0.0" classname="com.hsl.cn.cn.asserts.Verify">
    <ignored/>
  </testcase> <!-- test2 -->
</testsuite> <!-- InterfaceAutoTest -->
