<?xml version="1.0" encoding="UTF-8"?>
<testng-results skipped="0" failed="0" ignored="0" total="1" passed="1">
  <reporter-output>
  </reporter-output>
  <suite name="Default Suite" duration-ms="3629" started-at="2019-06-24T09:46:14Z" finished-at="2019-06-24T09:46:18Z">
    <groups>
    </groups>
    <test name="InterfaceAutoTest" duration-ms="3629" started-at="2019-06-24T09:46:14Z" finished-at="2019-06-24T09:46:18Z">
      <class name="com.hsl.cn.service.TestMailService">
        <test-method status="PASS" signature="springTestContextBeforeTestClass()[pri:0, instance:com.hsl.cn.service.TestMailService@b2c9a9c]" name="springTestContextBeforeTestClass" is-config="true" duration-ms="29" started-at="2019-06-24T09:46:14Z" finished-at="2019-06-24T09:46:14Z">
          <reporter-output>
          </reporter-output>
        </test-method> <!-- springTestContextBeforeTestClass -->
        <test-method status="PASS" signature="springTestContextPrepareTestInstance()[pri:0, instance:com.hsl.cn.service.TestMailService@b2c9a9c]" name="springTestContextPrepareTestInstance" is-config="true" duration-ms="1865" started-at="2019-06-24T09:46:14Z" depends-on-methods="org.springframework.test.context.testng.AbstractTestNGSpringContextTests.springTestContextBeforeTestClass" finished-at="2019-06-24T09:46:16Z">
          <reporter-output>
          </reporter-output>
        </test-method> <!-- springTestContextPrepareTestInstance -->
        <test-method status="PASS" signature="springTestContextBeforeTestMethod(java.lang.reflect.Method)[pri:0, instance:com.hsl.cn.service.TestMailService@b2c9a9c]" name="springTestContextBeforeTestMethod" is-config="true" duration-ms="3" started-at="2019-06-24T09:46:16Z" finished-at="2019-06-24T09:46:16Z">
          <params>
            <param index="0">
              <value>
                <![CDATA[public void com.hsl.cn.service.TestMailService.testsend()]]>
              </value>
            </param>
          </params>
          <reporter-output>
          </reporter-output>
        </test-method> <!-- springTestContextBeforeTestMethod -->
        <test-method status="PASS" signature="testsend()[pri:0, instance:com.hsl.cn.service.TestMailService@b2c9a9c]" name="testsend" duration-ms="1681" started-at="2019-06-24T09:46:16Z" finished-at="2019-06-24T09:46:18Z">
          <reporter-output>
          </reporter-output>
        </test-method> <!-- testsend -->
        <test-method status="PASS" signature="springTestContextAfterTestMethod(java.lang.reflect.Method)[pri:0, instance:com.hsl.cn.service.TestMailService@b2c9a9c]" name="springTestContextAfterTestMethod" is-config="true" duration-ms="1" started-at="2019-06-24T09:46:18Z" finished-at="2019-06-24T09:46:18Z">
          <params>
            <param index="0">
              <value>
                <![CDATA[public void com.hsl.cn.service.TestMailService.testsend()]]>
              </value>
            </param>
          </params>
          <reporter-output>
          </reporter-output>
        </test-method> <!-- springTestContextAfterTestMethod -->
        <test-method status="PASS" signature="springTestContextAfterTestClass()[pri:0, instance:com.hsl.cn.service.TestMailService@b2c9a9c]" name="springTestContextAfterTestClass" is-config="true" duration-ms="1" started-at="2019-06-24T09:46:18Z" finished-at="2019-06-24T09:46:18Z">
          <reporter-output>
          </reporter-output>
        </test-method> <!-- springTestContextAfterTestClass -->
      </class> <!-- com.hsl.cn.service.TestMailService -->
    </test> <!-- InterfaceAutoTest -->
  </suite> <!-- Default Suite -->
</testng-results>
